<?xml version="1.0" encoding="UTF-8"?>
<testsuite xmlns:xsi="http://www.w3.org/2001/XMLSchema-instance" xsi:noNamespaceSchemaLocation="https://maven.apache.org/surefire/maven-surefire-plugin/xsd/surefire-test-report.xsd" name="edu.nju.ics.akkademy.AppTest" time="0" tests="1" errors="0" skipped="0" failures="0">
  <properties>
    <property name="awt.toolkit" value="sun.awt.X11.XToolkit"/>
    <property name="file.encoding.pkg" value="sun.io"/>
    <property name="java.specification.version" value="1.8"/>
    <property name="sun.cpu.isalist" value=""/>
    <property name="sun.jnu.encoding" value="UTF-8"/>
    <property name="java.class.path" value="/home/0801029/projects/learnakka/learnakka/target/test-classes:/home/0801029/projects/learnakka/learnakka/target/classes:/home/0801029/.m2/repository/com/typesafe/akka/akka-actor-typed_2.13/2.7.0/akka-actor-typed_2.13-2.7.0.jar:/home/0801029/.m2/repository/org/scala-lang/scala-library/2.13.10/scala-library-2.13.10.jar:/home/0801029/.m2/repository/com/typesafe/akka/akka-actor_2.13/2.7.0/akka-actor_2.13-2.7.0.jar:/home/0801029/.m2/repository/com/typesafe/config/1.4.2/config-1.4.2.jar:/home/0801029/.m2/repository/org/scala-lang/modules/scala-java8-compat_2.13/1.0.0/scala-java8-compat_2.13-1.0.0.jar:/home/0801029/.m2/repository/com/typesafe/akka/akka-slf4j_2.13/2.7.0/akka-slf4j_2.13-2.7.0.jar:/home/0801029/.m2/repository/org/slf4j/slf4j-api/1.7.36/slf4j-api-1.7.36.jar:/home/0801029/.m2/repository/ch/qos/logback/logback-classic/1.2.3/logback-classic-1.2.3.jar:/home/0801029/.m2/repository/ch/qos/logback/logback-core/1.2.3/logback-core-1.2.3.jar:/home/0801029/.m2/repository/com/typesafe/akka/akka-actor-testkit-typed_2.13/2.7.0/akka-actor-testkit-typed_2.13-2.7.0.jar:/home/0801029/.m2/repository/com/typesafe/akka/akka-testkit_2.13/2.7.0/akka-testkit_2.13-2.7.0.jar:/home/0801029/.m2/repository/junit/junit/4.11/junit-4.11.jar:/home/0801029/.m2/repository/org/hamcrest/hamcrest-core/1.3/hamcrest-core-1.3.jar:"/>
    <property name="java.vm.vendor" value="Oracle Corporation"/>
    <property name="sun.arch.data.model" value="64"/>
    <property name="java.vendor.url" value="http://java.oracle.com/"/>
    <property name="user.timezone" value=""/>
    <property name="java.vm.specification.version" value="1.8"/>
    <property name="os.name" value="Linux"/>
    <property name="user.country" value="US"/>
    <property name="sun.java.launcher" value="SUN_STANDARD"/>
    <property name="sun.boot.library.path" value="/home/0801029/module/jdk1.8.0_212/jre/lib/amd64"/>
    <property name="sun.java.command" value="/home/0801029/projects/learnakka/learnakka/target/surefire/surefirebooter3753702656546919702.jar /home/0801029/projects/learnakka/learnakka/target/surefire 2022-10-26T11-57-59_728-jvmRun1 surefire5030700607290114566tmp surefire_03033832373387938323tmp"/>
    <property name="surefire.test.class.path" value="/home/0801029/projects/learnakka/learnakka/target/test-classes:/home/0801029/projects/learnakka/learnakka/target/classes:/home/0801029/.m2/repository/com/typesafe/akka/akka-actor-typed_2.13/2.7.0/akka-actor-typed_2.13-2.7.0.jar:/home/0801029/.m2/repository/org/scala-lang/scala-library/2.13.10/scala-library-2.13.10.jar:/home/0801029/.m2/repository/com/typesafe/akka/akka-actor_2.13/2.7.0/akka-actor_2.13-2.7.0.jar:/home/0801029/.m2/repository/com/typesafe/config/1.4.2/config-1.4.2.jar:/home/0801029/.m2/repository/org/scala-lang/modules/scala-java8-compat_2.13/1.0.0/scala-java8-compat_2.13-1.0.0.jar:/home/0801029/.m2/repository/com/typesafe/akka/akka-slf4j_2.13/2.7.0/akka-slf4j_2.13-2.7.0.jar:/home/0801029/.m2/repository/org/slf4j/slf4j-api/1.7.36/slf4j-api-1.7.36.jar:/home/0801029/.m2/repository/ch/qos/logback/logback-classic/1.2.3/logback-classic-1.2.3.jar:/home/0801029/.m2/repository/ch/qos/logback/logback-core/1.2.3/logback-core-1.2.3.jar:/home/0801029/.m2/repository/com/typesafe/akka/akka-actor-testkit-typed_2.13/2.7.0/akka-actor-testkit-typed_2.13-2.7.0.jar:/home/0801029/.m2/repository/com/typesafe/akka/akka-testkit_2.13/2.7.0/akka-testkit_2.13-2.7.0.jar:/home/0801029/.m2/repository/junit/junit/4.11/junit-4.11.jar:/home/0801029/.m2/repository/org/hamcrest/hamcrest-core/1.3/hamcrest-core-1.3.jar:"/>
    <property name="sun.cpu.endian" value="little"/>
    <property name="user.home" value="/home/0801029"/>
    <property name="user.language" value="en"/>
    <property name="java.specification.vendor" value="Oracle Corporation"/>
    <property name="java.home" value="/home/0801029/module/jdk1.8.0_212/jre"/>
    <property name="basedir" value="/home/0801029/projects/learnakka/learnakka"/>
    <property name="file.separator" value="/"/>
    <property name="line.separator" value="&#10;"/>
    <property name="java.vm.specification.vendor" value="Oracle Corporation"/>
    <property name="java.specification.name" value="Java Platform API Specification"/>
    <property name="java.awt.graphicsenv" value="sun.awt.X11GraphicsEnvironment"/>
    <property name="surefire.real.class.path" value="/home/0801029/projects/learnakka/learnakka/target/surefire/surefirebooter3753702656546919702.jar"/>
    <property name="sun.boot.class.path" value="/home/0801029/module/jdk1.8.0_212/jre/lib/resources.jar:/home/0801029/module/jdk1.8.0_212/jre/lib/rt.jar:/home/0801029/module/jdk1.8.0_212/jre/lib/sunrsasign.jar:/home/0801029/module/jdk1.8.0_212/jre/lib/jsse.jar:/home/0801029/module/jdk1.8.0_212/jre/lib/jce.jar:/home/0801029/module/jdk1.8.0_212/jre/lib/charsets.jar:/home/0801029/module/jdk1.8.0_212/jre/lib/jfr.jar:/home/0801029/module/jdk1.8.0_212/jre/classes"/>
    <property name="sun.management.compiler" value="HotSpot 64-Bit Tiered Compilers"/>
    <property name="java.runtime.version" value="1.8.0_212-b10"/>
    <property name="user.name" value="0801029"/>
    <property name="path.separator" value=":"/>
    <property name="os.version" value="4.18.0-26-generic"/>
    <property name="java.endorsed.dirs" value="/home/0801029/module/jdk1.8.0_212/jre/lib/endorsed"/>
    <property name="java.runtime.name" value="Java(TM) SE Runtime Environment"/>
    <property name="file.encoding" value="UTF-8"/>
    <property name="java.vm.name" value="Java HotSpot(TM) 64-Bit Server VM"/>
    <property name="localRepository" value="/home/0801029/.m2/repository"/>
    <property name="java.vendor.url.bug" value="http://bugreport.sun.com/bugreport/"/>
    <property name="java.io.tmpdir" value="/tmp"/>
    <property name="java.version" value="1.8.0_212"/>
    <property name="user.dir" value="/home/0801029/projects/learnakka/learnakka"/>
    <property name="os.arch" value="amd64"/>
    <property name="java.vm.specification.name" value="Java Virtual Machine Specification"/>
    <property name="java.awt.printerjob" value="sun.print.PSPrinterJob"/>
    <property name="sun.os.patch.level" value="unknown"/>
    <property name="java.library.path" value="/usr/java/packages/lib/amd64:/usr/lib64:/lib64:/lib:/usr/lib"/>
    <property name="java.vm.info" value="mixed mode"/>
    <property name="java.vendor" value="Oracle Corporation"/>
    <property name="java.vm.version" value="25.212-b10"/>
    <property name="java.ext.dirs" value="/home/0801029/module/jdk1.8.0_212/jre/lib/ext:/usr/java/packages/lib/ext"/>
    <property name="sun.io.unicode.encoding" value="UnicodeLittle"/>
    <property name="java.class.version" value="52.0"/>
  </properties>
  <testcase name="shouldAnswerWithTrue" classname="edu.nju.ics.akkademy.AppTest" time="0"/>
</testsuite>